  glad.c
  ProyectoFinalCG.cpp
C:\Users\Karla\Desktop\Practicas Grafica\ProyectoCG\ProyectoFinal\Practica01\include\shader_m.h(44,40): warning C4101: 'e': variable local sin referencia
C:\Users\Karla\Desktop\Practicas Grafica\ProyectoCG\ProyectoFinal\Practica01\include\mesh.h(88,50): warning C4267: 'argumento': conversión de 'size_t' a 'GLsizei'; posible pérdida de datos
C:\Users\Karla\Desktop\Practicas Grafica\ProyectoCG\ProyectoFinal\Practica01\include\meshAnim.h(116,50): warning C4267: 'argumento': conversión de 'size_t' a 'GLsizei'; posible pérdida de datos
C:\Users\Karla\Desktop\Practicas Grafica\ProyectoCG\ProyectoFinal\Practica01\include\modelAnim.h(104,44): warning C4244: '=': conversión de 'double' a 'float'; posible pérdida de datos
C:\Users\Karla\Desktop\Practicas Grafica\ProyectoCG\ProyectoFinal\Practica01\include\modelAnim.h(520,24): warning C4244: 'inicializando': conversión de 'double' a 'float'; posible pérdida de datos
C:\Users\Karla\Desktop\Practicas Grafica\ProyectoCG\ProyectoFinal\Practica01\ProyectoFinalCG.cpp(157,9): warning C4477: 'printf' : la cadena de formato '%d' requiere un argumento de tipo 'int', pero el argumento variádico 1 tiene el tipo 'double'
C:\Users\Karla\Desktop\Practicas Grafica\ProyectoCG\ProyectoFinal\Practica01\ProyectoFinalCG.cpp(159,9): warning C4477: 'printf' : la cadena de formato '%d' requiere un argumento de tipo 'int', pero el argumento variádico 1 tiene el tipo 'double'
C:\Users\Karla\Desktop\Practicas Grafica\ProyectoCG\ProyectoFinal\Practica01\ProyectoFinalCG.cpp(161,9): warning C4477: 'printf' : la cadena de formato '%d' requiere un argumento de tipo 'int', pero el argumento variádico 1 tiene el tipo 'double'
C:\Users\Karla\Desktop\Practicas Grafica\ProyectoCG\ProyectoFinal\Practica01\ProyectoFinalCG.cpp(163,9): warning C4477: 'printf' : la cadena de formato '%d' requiere un argumento de tipo 'int', pero el argumento variádico 1 tiene el tipo 'double'
C:\Users\Karla\Desktop\Practicas Grafica\ProyectoCG\ProyectoFinal\Practica01\ProyectoFinalCG.cpp(197,18): warning C4305: '+=': truncamiento de 'double' a 'float'
C:\Users\Karla\Desktop\Practicas Grafica\ProyectoCG\ProyectoFinal\Practica01\ProyectoFinalCG.cpp(198,18): warning C4305: '+=': truncamiento de 'double' a 'float'
C:\Users\Karla\Desktop\Practicas Grafica\ProyectoCG\ProyectoFinal\Practica01\ProyectoFinalCG.cpp(204,18): warning C4305: '-=': truncamiento de 'double' a 'float'
C:\Users\Karla\Desktop\Practicas Grafica\ProyectoCG\ProyectoFinal\Practica01\ProyectoFinalCG.cpp(205,18): warning C4305: '-=': truncamiento de 'double' a 'float'
C:\Users\Karla\Desktop\Practicas Grafica\ProyectoCG\ProyectoFinal\Practica01\ProyectoFinalCG.cpp(210,18): warning C4305: '+=': truncamiento de 'double' a 'float'
C:\Users\Karla\Desktop\Practicas Grafica\ProyectoCG\ProyectoFinal\Practica01\ProyectoFinalCG.cpp(229,12): warning C4566: el carácter representado por el nombre de carácter universal '\uFFFD' no se puede representar en la página de códigos actual (1252)
C:\Users\Karla\Desktop\Practicas Grafica\ProyectoCG\ProyectoFinal\Practica01\ProyectoFinalCG.cpp(267,19): warning C4305: '+=': truncamiento de 'double' a 'float'
C:\Users\Karla\Desktop\Practicas Grafica\ProyectoCG\ProyectoFinal\Practica01\ProyectoFinalCG.cpp(269,15): warning C4305: '-=': truncamiento de 'double' a 'float'
C:\Users\Karla\Desktop\Practicas Grafica\ProyectoCG\ProyectoFinal\Practica01\ProyectoFinalCG.cpp(293,19): warning C4305: '-=': truncamiento de 'double' a 'float'
C:\Users\Karla\Desktop\Practicas Grafica\ProyectoCG\ProyectoFinal\Practica01\ProyectoFinalCG.cpp(295,15): warning C4305: '+=': truncamiento de 'double' a 'float'
C:\Users\Karla\Desktop\Practicas Grafica\ProyectoCG\ProyectoFinal\Practica01\ProyectoFinalCG.cpp(397,19): warning C4305: '+=': truncamiento de 'double' a 'float'
C:\Users\Karla\Desktop\Practicas Grafica\ProyectoCG\ProyectoFinal\Practica01\ProyectoFinalCG.cpp(408,19): warning C4305: '+=': truncamiento de 'double' a 'float'
C:\Users\Karla\Desktop\Practicas Grafica\ProyectoCG\ProyectoFinal\Practica01\ProyectoFinalCG.cpp(429,17): warning C4305: '+=': truncamiento de 'double' a 'float'
C:\Users\Karla\Desktop\Practicas Grafica\ProyectoCG\ProyectoFinal\Practica01\ProyectoFinalCG.cpp(431,18): warning C4244: '=': conversión de 'double' a 'float'; posible pérdida de datos
C:\Users\Karla\Desktop\Practicas Grafica\ProyectoCG\ProyectoFinal\Practica01\ProyectoFinalCG.cpp(432,17): warning C4244: '=': conversión de 'double' a 'float'; posible pérdida de datos
C:\Users\Karla\Desktop\Practicas Grafica\ProyectoCG\ProyectoFinal\Practica01\ProyectoFinalCG.cpp(433,20): warning C4305: '+=': truncamiento de 'double' a 'float'
C:\Users\Karla\Desktop\Practicas Grafica\ProyectoCG\ProyectoFinal\Practica01\ProyectoFinalCG.cpp(441,19): warning C4305: '+=': truncamiento de 'double' a 'float'
C:\Users\Karla\Desktop\Practicas Grafica\ProyectoCG\ProyectoFinal\Practica01\ProyectoFinalCG.cpp(447,18): warning C4244: '=': conversión de 'double' a 'float'; posible pérdida de datos
C:\Users\Karla\Desktop\Practicas Grafica\ProyectoCG\ProyectoFinal\Practica01\ProyectoFinalCG.cpp(449,20): warning C4305: '+=': truncamiento de 'double' a 'float'
C:\Users\Karla\Desktop\Practicas Grafica\ProyectoCG\ProyectoFinal\Practica01\ProyectoFinalCG.cpp(452,17): warning C4305: '-=': truncamiento de 'double' a 'float'
C:\Users\Karla\Desktop\Practicas Grafica\ProyectoCG\ProyectoFinal\Practica01\ProyectoFinalCG.cpp(459,18): warning C4244: '=': conversión de 'double' a 'float'; posible pérdida de datos
C:\Users\Karla\Desktop\Practicas Grafica\ProyectoCG\ProyectoFinal\Practica01\ProyectoFinalCG.cpp(461,20): warning C4305: '+=': truncamiento de 'double' a 'float'
C:\Users\Karla\Desktop\Practicas Grafica\ProyectoCG\ProyectoFinal\Practica01\ProyectoFinalCG.cpp(467,19): warning C4305: '+=': truncamiento de 'double' a 'float'
C:\Users\Karla\Desktop\Practicas Grafica\ProyectoCG\ProyectoFinal\Practica01\ProyectoFinalCG.cpp(933,51): warning C4305: 'argumento': truncamiento de 'double' a 'float'
C:\Users\Karla\Desktop\Practicas Grafica\ProyectoCG\ProyectoFinal\Practica01\ProyectoFinalCG.cpp(1220,39): warning C4305: 'argumento': truncamiento de 'double' a 'T'
          with
          [
              T=float
          ]
C:\Users\Karla\Desktop\Practicas Grafica\ProyectoCG\ProyectoFinal\Practica01\ProyectoFinalCG.cpp(1225,39): warning C4305: 'argumento': truncamiento de 'double' a 'T'
          with
          [
              T=float
          ]
C:\Users\Karla\Desktop\Practicas Grafica\ProyectoCG\ProyectoFinal\Practica01\ProyectoFinalCG.cpp(1231,39): warning C4305: 'argumento': truncamiento de 'double' a 'T'
          with
          [
              T=float
          ]
C:\Users\Karla\Desktop\Practicas Grafica\ProyectoCG\ProyectoFinal\Practica01\ProyectoFinalCG.cpp(1316,39): warning C4305: 'argumento': truncamiento de 'double' a 'T'
          with
          [
              T=float
          ]
C:\Users\Karla\Desktop\Practicas Grafica\ProyectoCG\ProyectoFinal\Practica01\ProyectoFinalCG.cpp(1467,11): warning C4244: '=': conversión de 'double' a 'float'; posible pérdida de datos
C:\Users\Karla\Desktop\Practicas Grafica\ProyectoCG\ProyectoFinal\Practica01\ProyectoFinalCG.cpp(1468,11): warning C4244: '=': conversión de 'double' a 'float'; posible pérdida de datos
C:\Users\Karla\Desktop\Practicas Grafica\ProyectoCG\ProyectoFinal\Practica01\ProyectoFinalCG.cpp(1472,16): warning C4244: 'inicializando': conversión de 'double' a 'float'; posible pérdida de datos
C:\Users\Karla\Desktop\Practicas Grafica\ProyectoCG\ProyectoFinal\Practica01\ProyectoFinalCG.cpp(1473,16): warning C4244: 'inicializando': conversión de 'double' a 'float'; posible pérdida de datos
C:\Users\Karla\Desktop\Practicas Grafica\ProyectoCG\ProyectoFinal\Practica01\ProyectoFinalCG.cpp(1475,10): warning C4244: '=': conversión de 'double' a 'float'; posible pérdida de datos
C:\Users\Karla\Desktop\Practicas Grafica\ProyectoCG\ProyectoFinal\Practica01\ProyectoFinalCG.cpp(1476,10): warning C4244: '=': conversión de 'double' a 'float'; posible pérdida de datos
C:\Users\Karla\Desktop\Practicas Grafica\ProyectoCG\ProyectoFinal\Practica01\ProyectoFinalCG.cpp(1484,28): warning C4244: 'argumento': conversión de 'double' a 'float'; posible pérdida de datos
ProyectoFinalCG.obj : error LNK2019: símbolo externo glfwInit sin resolver al que se hace referencia en la función main
ProyectoFinalCG.obj : error LNK2019: símbolo externo glfwTerminate sin resolver al que se hace referencia en la función main
ProyectoFinalCG.obj : error LNK2019: símbolo externo glfwGetPrimaryMonitor sin resolver al que se hace referencia en la función "void __cdecl getResolution(void)" (?getResolution@@YAXXZ)
ProyectoFinalCG.obj : error LNK2019: símbolo externo glfwGetVideoMode sin resolver al que se hace referencia en la función "void __cdecl getResolution(void)" (?getResolution@@YAXXZ)
ProyectoFinalCG.obj : error LNK2019: símbolo externo glfwCreateWindow sin resolver al que se hace referencia en la función main
ProyectoFinalCG.obj : error LNK2019: símbolo externo glfwWindowShouldClose sin resolver al que se hace referencia en la función main
ProyectoFinalCG.obj : error LNK2019: símbolo externo glfwSetWindowShouldClose sin resolver al que se hace referencia en la función "void __cdecl my_input(struct GLFWwindow *,int,int,int,int)" (?my_input@@YAXPEAUGLFWwindow@@HHHH@Z)
ProyectoFinalCG.obj : error LNK2019: símbolo externo glfwSetWindowPos sin resolver al que se hace referencia en la función main
ProyectoFinalCG.obj : error LNK2019: símbolo externo glfwSetFramebufferSizeCallback sin resolver al que se hace referencia en la función main
ProyectoFinalCG.obj : error LNK2019: símbolo externo glfwPollEvents sin resolver al que se hace referencia en la función main
ProyectoFinalCG.obj : error LNK2019: símbolo externo glfwSetInputMode sin resolver al que se hace referencia en la función main
ProyectoFinalCG.obj : error LNK2019: símbolo externo glfwGetKey sin resolver al que se hace referencia en la función "void __cdecl my_input(struct GLFWwindow *,int,int,int,int)" (?my_input@@YAXPEAUGLFWwindow@@HHHH@Z)
ProyectoFinalCG.obj : error LNK2019: símbolo externo glfwSetKeyCallback sin resolver al que se hace referencia en la función main
ProyectoFinalCG.obj : error LNK2019: símbolo externo glfwSetCursorPosCallback sin resolver al que se hace referencia en la función main
ProyectoFinalCG.obj : error LNK2019: símbolo externo glfwSetScrollCallback sin resolver al que se hace referencia en la función main
ProyectoFinalCG.obj : error LNK2019: símbolo externo glfwMakeContextCurrent sin resolver al que se hace referencia en la función main
ProyectoFinalCG.obj : error LNK2019: símbolo externo glfwSwapBuffers sin resolver al que se hace referencia en la función main
ProyectoFinalCG.obj : error LNK2019: símbolo externo glfwGetProcAddress sin resolver al que se hace referencia en la función main
ProyectoFinalCG.obj : error LNK2019: símbolo externo "__declspec(dllimport) class irrklang::ISoundEngine * __cdecl irrklang::createIrrKlangDevice(enum irrklang::E_SOUND_OUTPUT_DRIVER,int,char const *,char const *)" (__imp_?createIrrKlangDevice@irrklang@@YAPEAVISoundEngine@1@W4E_SOUND_OUTPUT_DRIVER@1@HPEBD1@Z) sin resolver al que se hace referencia en la función main
ProyectoFinalCG.obj : error LNK2019: símbolo externo SDL_GetTicks sin resolver al que se hace referencia en la función main
ProyectoFinalCG.obj : error LNK2019: símbolo externo SDL_Delay sin resolver al que se hace referencia en la función main
ProyectoFinalCG.obj : error LNK2019: símbolo externo "public: __cdecl Assimp::Importer::Importer(void)" (??0Importer@Assimp@@QEAA@XZ) sin resolver al que se hace referencia en la función "private: void __cdecl Model::loadModel(class std::basic_string<char,struct std::char_traits<char>,class std::allocator<char> > const &)" (?loadModel@Model@@AEAAXAEBV?$basic_string@DU?$char_traits@D@std@@V?$allocator@D@2@@std@@@Z)
ProyectoFinalCG.obj : error LNK2019: símbolo externo "public: __cdecl Assimp::Importer::~Importer(void)" (??1Importer@Assimp@@QEAA@XZ) sin resolver al que se hace referencia en la función "private: void __cdecl Model::loadModel(class std::basic_string<char,struct std::char_traits<char>,class std::allocator<char> > const &)" (?loadModel@Model@@AEAAXAEBV?$basic_string@DU?$char_traits@D@std@@V?$allocator@D@2@@std@@@Z)
ProyectoFinalCG.obj : error LNK2019: símbolo externo "public: struct aiScene const * __cdecl Assimp::Importer::ReadFile(char const *,unsigned int)" (?ReadFile@Importer@Assimp@@QEAAPEBUaiScene@@PEBDI@Z) sin resolver al que se hace referencia en la función "public: struct aiScene const * __cdecl Assimp::Importer::ReadFile(class std::basic_string<char,struct std::char_traits<char>,class std::allocator<char> > const &,unsigned int)" (?ReadFile@Importer@Assimp@@QEAAPEBUaiScene@@AEBV?$basic_string@DU?$char_traits@D@std@@V?$allocator@D@2@@std@@I@Z)
ProyectoFinalCG.obj : error LNK2019: símbolo externo "public: char const * __cdecl Assimp::Importer::GetErrorString(void)const " (?GetErrorString@Importer@Assimp@@QEBAPEBDXZ) sin resolver al que se hace referencia en la función "private: void __cdecl Model::loadModel(class std::basic_string<char,struct std::char_traits<char>,class std::allocator<char> > const &)" (?loadModel@Model@@AEAAXAEBV?$basic_string@DU?$char_traits@D@std@@V?$allocator@D@2@@std@@@Z)
ProyectoFinalCG.obj : error LNK2019: símbolo externo aiGetMaterialTextureCount sin resolver al que se hace referencia en la función "public: unsigned int __cdecl aiMaterial::GetTextureCount(enum aiTextureType)const " (?GetTextureCount@aiMaterial@@QEBAIW4aiTextureType@@@Z)
ProyectoFinalCG.obj : error LNK2019: símbolo externo aiGetMaterialTexture sin resolver al que se hace referencia en la función "public: enum aiReturn __cdecl aiMaterial::GetTexture(enum aiTextureType,unsigned int,struct aiString *,enum aiTextureMapping *,unsigned int *,float *,enum aiTextureOp *,enum aiTextureMapMode *)const " (?GetTexture@aiMaterial@@QEBA?AW4aiReturn@@W4aiTextureType@@IPEAUaiString@@PEAW4aiTextureMapping@@PEAIPEAMPEAW4aiTextureOp@@PEAW4aiTextureMapMode@@@Z)
lib\irrKlang.lib : warning LNK4272: el tipo de máquina de biblioteca 'x86' está en conflicto con el tipo de máquina de destino 'x64'
lib\SDL2.lib : warning LNK4272: el tipo de máquina de biblioteca 'x86' está en conflicto con el tipo de máquina de destino 'x64'
lib\SDL2main.lib : warning LNK4272: el tipo de máquina de biblioteca 'x86' está en conflicto con el tipo de máquina de destino 'x64'
lib\assimp-vc141-mtd.lib : warning LNK4272: el tipo de máquina de biblioteca 'x86' está en conflicto con el tipo de máquina de destino 'x64'
lib\glfw3.lib : warning LNK4272: el tipo de máquina de biblioteca 'x86' está en conflicto con el tipo de máquina de destino 'x64'
lib\glew32.lib : warning LNK4272: el tipo de máquina de biblioteca 'x86' está en conflicto con el tipo de máquina de destino 'x64'
C:\Users\Karla\Desktop\Practicas Grafica\ProyectoCG\ProyectoFinal\x64\Debug\Practica01.exe : fatal error LNK1120: 27 externos sin resolver
